<?xml version="1.0" encoding="UTF-8"?>
<testng-results skipped="0" failed="0" ignored="0" total="1" passed="1">
  <reporter-output>
  </reporter-output>
  <suite name="Suite" duration-ms="17517" started-at="2018-06-02T15:11:35Z" finished-at="2018-06-02T15:11:53Z">
    <groups>
    </groups>
    <test name="Test" duration-ms="17517" started-at="2018-06-02T15:11:35Z" finished-at="2018-06-02T15:11:53Z">
      <class name="SeleniumFramework.SeleniumFramework.adhoc">
        <test-method status="PASS" signature="beforeTest()[pri:0, instance:SeleniumFramework.SeleniumFramework.adhoc@6e1ec318]" name="beforeTest" is-config="true" duration-ms="15747" started-at="2018-06-02T15:11:35Z" finished-at="2018-06-02T15:11:51Z">
          <reporter-output>
          </reporter-output>
        </test-method> <!-- beforeTest -->
        <test-method status="PASS" signature="f()[pri:0, instance:SeleniumFramework.SeleniumFramework.adhoc@6e1ec318]" name="f" duration-ms="1721" started-at="2018-06-02T15:11:51Z" finished-at="2018-06-02T15:11:53Z">
          <reporter-output>
          </reporter-output>
        </test-method> <!-- f -->
        <test-method status="PASS" signature="afterTest()[pri:0, instance:SeleniumFramework.SeleniumFramework.adhoc@6e1ec318]" name="afterTest" is-config="true" duration-ms="0" started-at="2018-06-02T15:11:53Z" finished-at="2018-06-02T15:11:53Z">
          <reporter-output>
          </reporter-output>
        </test-method> <!-- afterTest -->
      </class> <!-- SeleniumFramework.SeleniumFramework.adhoc -->
    </test> <!-- Test -->
  </suite> <!-- Suite -->
</testng-results>
